<?xml version="1.0" encoding="UTF-8"?>
<testsuites disabled="0" errors="0" failures="0" name="" tests="3" time="0.00485">
	<testsuite name="/Users/trifan/DEVELOPMENT/GATEWAY/luaMock/src/test/adobe/mocka/spyTest.lua" tests="3" disabled="0" errors="0" failures="0" id="0" time="0.004748" timestamp="">
		<testcase name="override lazy spy" assertions="1" classname="/Users/trifan/DEVELOPMENT/GATEWAY/luaMock/src/test/adobe/mocka/spyTest.lua" status="" time="0.001008">
		</testcase>
		<testcase name="override preloaded module spy" assertions="1" classname="/Users/trifan/DEVELOPMENT/GATEWAY/luaMock/src/test/adobe/mocka/spyTest.lua" status="" time="0.000109">
		</testcase>
		<testcase name="just beforeEach on preload" assertions="1" classname="/Users/trifan/DEVELOPMENT/GATEWAY/luaMock/src/test/adobe/mocka/spyTest.lua" status="" time="6.0000000000001e-05">
		</testcase>
	</testsuite>
</testsuites>
